<?xml version="1.0" encoding="UTF-8"?>
<testng-results skipped="0" failed="1" ignored="0" total="4" passed="3">
  <reporter-output>
  </reporter-output>
  <suite name="Surefire suite" duration-ms="21865" started-at="2021-12-16T11:16:45Z" finished-at="2021-12-16T11:17:07Z">
    <groups>
    </groups>
    <test name="Surefire test" duration-ms="21865" started-at="2021-12-16T11:16:45Z" finished-at="2021-12-16T11:17:07Z">
      <class name="mindtree.amzonTest.operationsTest">
        <test-method status="PASS" signature="beforeSuite()[pri:0, instance:mindtree.amzonTest.operationsTest@121b0a2]" name="beforeSuite" is-config="true" duration-ms="206" started-at="2021-12-16T11:16:45Z" finished-at="2021-12-16T11:16:45Z">
          <reporter-output>
          </reporter-output>
        </test-method> <!-- beforeSuite -->
        <test-method status="PASS" signature="navigation()[pri:1, instance:mindtree.amzonTest.operationsTest@121b0a2]" name="navigation" duration-ms="13775" started-at="2021-12-16T11:16:45Z" finished-at="2021-12-16T11:16:59Z">
          <reporter-output>
          </reporter-output>
        </test-method> <!-- navigation -->
        <test-method status="PASS" signature="searchModel()[pri:2, instance:mindtree.amzonTest.operationsTest@121b0a2]" name="searchModel" duration-ms="6141" started-at="2021-12-16T11:16:59Z" finished-at="2021-12-16T11:17:05Z">
          <reporter-output>
          </reporter-output>
        </test-method> <!-- searchModel -->
        <test-method status="PASS" signature="oldPrice()[pri:3, instance:mindtree.amzonTest.operationsTest@121b0a2]" name="oldPrice" duration-ms="308" started-at="2021-12-16T11:17:05Z" finished-at="2021-12-16T11:17:06Z">
          <reporter-output>
          </reporter-output>
        </test-method> <!-- oldPrice -->
        <test-method status="FAIL" signature="newPriceandComparison()[pri:4, instance:mindtree.amzonTest.operationsTest@121b0a2]" name="newPriceandComparison" duration-ms="632" started-at="2021-12-16T11:17:06Z" finished-at="2021-12-16T11:17:06Z">
          <exception class="java.lang.AssertionError">
            <message>
              <![CDATA[expected [false] but found [true]]]>
            </message>
            <full-stacktrace>
              <![CDATA[java.lang.AssertionError: expected [false] but found [true]
at org.testng.Assert.fail(Assert.java:96)
at org.testng.Assert.failNotEquals(Assert.java:776)
at org.testng.Assert.assertFalse(Assert.java:65)
at org.testng.Assert.assertFalse(Assert.java:75)
at mindtree.amzonTest.operationsTest.newPriceandComparison(operationsTest.java:157)
at sun.reflect.NativeMethodAccessorImpl.invoke0(Native Method)
at sun.reflect.NativeMethodAccessorImpl.invoke(NativeMethodAccessorImpl.java:62)
at sun.reflect.DelegatingMethodAccessorImpl.invoke(DelegatingMethodAccessorImpl.java:43)
at java.lang.reflect.Method.invoke(Method.java:498)
at org.testng.internal.MethodInvocationHelper.invokeMethod(MethodInvocationHelper.java:124)
at org.testng.internal.Invoker.invokeMethod(Invoker.java:583)
at org.testng.internal.Invoker.invokeTestMethod(Invoker.java:719)
at org.testng.internal.Invoker.invokeTestMethods(Invoker.java:989)
at org.testng.internal.TestMethodWorker.invokeTestMethods(TestMethodWorker.java:125)
at org.testng.internal.TestMethodWorker.run(TestMethodWorker.java:109)
at org.testng.TestRunner.privateRun(TestRunner.java:648)
at org.testng.TestRunner.run(TestRunner.java:505)
at org.testng.SuiteRunner.runTest(SuiteRunner.java:455)
at org.testng.SuiteRunner.runSequentially(SuiteRunner.java:450)
at org.testng.SuiteRunner.privateRun(SuiteRunner.java:415)
at org.testng.SuiteRunner.run(SuiteRunner.java:364)
at org.testng.SuiteRunnerWorker.runSuite(SuiteRunnerWorker.java:52)
at org.testng.SuiteRunnerWorker.run(SuiteRunnerWorker.java:84)
at org.testng.TestNG.runSuitesSequentially(TestNG.java:1208)
at org.testng.TestNG.runSuitesLocally(TestNG.java:1137)
at org.testng.TestNG.runSuites(TestNG.java:1049)
at org.testng.TestNG.run(TestNG.java:1017)
at org.apache.maven.surefire.testng.TestNGExecutor.run(TestNGExecutor.java:135)
at org.apache.maven.surefire.testng.TestNGDirectoryTestSuite.executeSingleClass(TestNGDirectoryTestSuite.java:112)
at org.apache.maven.surefire.testng.TestNGDirectoryTestSuite.execute(TestNGDirectoryTestSuite.java:99)
at org.apache.maven.surefire.testng.TestNGProvider.invoke(TestNGProvider.java:146)
at org.apache.maven.surefire.booter.ForkedBooter.invokeProviderInSameClassLoader(ForkedBooter.java:384)
at org.apache.maven.surefire.booter.ForkedBooter.runSuitesInProcess(ForkedBooter.java:345)
at org.apache.maven.surefire.booter.ForkedBooter.execute(ForkedBooter.java:126)
at org.apache.maven.surefire.booter.ForkedBooter.main(ForkedBooter.java:418)
]]>
            </full-stacktrace>
          </exception> <!-- java.lang.AssertionError -->
          <reporter-output>
          </reporter-output>
        </test-method> <!-- newPriceandComparison -->
        <test-method status="PASS" signature="teardown()[pri:0, instance:mindtree.amzonTest.operationsTest@121b0a2]" name="teardown" is-config="true" duration-ms="969" started-at="2021-12-16T11:17:06Z" finished-at="2021-12-16T11:17:07Z">
          <reporter-output>
          </reporter-output>
        </test-method> <!-- teardown -->
      </class> <!-- mindtree.amzonTest.operationsTest -->
    </test> <!-- Surefire test -->
  </suite> <!-- Surefire suite -->
</testng-results>
