<?xml version="1.0" encoding="UTF-8"?>
<testng-results ignored="0" total="1" passed="0" failed="1" skipped="0">
  <reporter-output>
  </reporter-output>
  <suite started-at="2021-12-29T16:03:16 GMT+05:30" name="Default suite" finished-at="2021-12-29T16:03:54 GMT+05:30" duration-ms="37514">
    <groups>
      <group name="cucumber">
        <method signature="AbstractTestNGCucumberTests.runScenario(io.cucumber.testng.PickleWrapper,io.cucumber.testng.FeatureWrapper)[pri:0, instance:runner.testRunner@d5b810e]" name="runScenario" class="io.cucumber.testng.AbstractTestNGCucumberTests"/>
      </group> <!-- cucumber -->
    </groups>
    <test started-at="2021-12-29T16:03:16 GMT+05:30" name="Default test" finished-at="2021-12-29T16:03:54 GMT+05:30" duration-ms="37514">
      <class name="runner.testRunner">
        <test-method is-config="true" signature="setUpClass()[pri:0, instance:runner.testRunner@d5b810e]" started-at="2021-12-29T16:03:16 GMT+05:30" name="setUpClass" finished-at="2021-12-29T16:03:18 GMT+05:30" duration-ms="1492" status="PASS">
          <reporter-output>
          </reporter-output>
        </test-method> <!-- setUpClass -->
        <test-method signature="runScenario(io.cucumber.testng.PickleWrapper,io.cucumber.testng.FeatureWrapper)[pri:0, instance:runner.testRunner@d5b810e]" started-at="2021-12-29T16:03:18 GMT+05:30" name="runScenario" description="Runs Cucumber Scenarios" data-provider="scenarios" finished-at="2021-12-29T16:03:54 GMT+05:30" duration-ms="35784" status="FAIL">
          <params>
            <param index="0">
              <value>
                <![CDATA["Amazon search with scenario"]]>
              </value>
            </param>
            <param index="1">
              <value>
                <![CDATA["Optional[Searching amazon for particular model from the result set and extracting the details]"]]>
              </value>
            </param>
          </params>
          <exception class="java.lang.AssertionError">
            <message>
              <![CDATA[expected [false] but found [true]]]>
            </message>
            <full-stacktrace>
              <![CDATA[java.lang.AssertionError: expected [false] but found [true]
at org.testng.Assert.fail(Assert.java:99)
at org.testng.Assert.failNotEquals(Assert.java:1037)
at org.testng.Assert.assertFalse(Assert.java:67)
at org.testng.Assert.assertFalse(Assert.java:77)
at uiRepository.uiOperations.modelExtractDetails(uiOperations.java:144)
at stepDefinations.stepDefination.user_must_be_able_to_extract_the_details(stepDefination.java:52)
at âœ½.user must be able to extract the details(file:///C:/Users/sdetjavamind05/.jenkins/amzonTest/src/test/java/features/amazon.feature:7)
]]>
            </full-stacktrace>
          </exception> <!-- java.lang.AssertionError -->
          <reporter-output>
          </reporter-output>
        </test-method> <!-- runScenario -->
        <test-method is-config="true" signature="tearDownClass()[pri:0, instance:runner.testRunner@d5b810e]" started-at="2021-12-29T16:03:54 GMT+05:30" name="tearDownClass" finished-at="2021-12-29T16:03:54 GMT+05:30" duration-ms="50" status="PASS">
          <reporter-output>
          </reporter-output>
        </test-method> <!-- tearDownClass -->
      </class> <!-- runner.testRunner -->
    </test> <!-- Default test -->
  </suite> <!-- Default suite -->
</testng-results>
